SF:lib\core\error\failure.dart
DA:6,6
DA:8,0
DA:9,0
DA:11,1
DA:12,3
DA:16,0
DA:25,6
DA:32,0
LF:8
LH:4
end_of_record
SF:lib\features\auth\domain\use_case\delete_user_usecase.dart
DA:11,1
DA:13,0
DA:14,0
DA:20,1
DA:22,1
DA:24,3
LF:6
LH:4
end_of_record
SF:lib\features\auth\domain\entity\user_entity.dart
DA:13,2
DA:24,1
DA:25,1
DA:26,1
DA:27,1
LF:5
LH:5
end_of_record
SF:lib\features\auth\domain\use_case\create_user_usecase.dart
DA:18,1
DA:31,0
DA:32,0
DA:38,1
DA:40,1
DA:42,2
DA:43,1
DA:44,1
DA:45,1
DA:46,1
DA:47,1
DA:48,1
DA:49,1
DA:50,1
LF:14
LH:12
end_of_record
SF:lib\features\auth\domain\use_case\delte_contact_usecase.dart
DA:5,2
DA:7,2
DA:8,4
LF:3
LH:3
end_of_record
SF:lib\features\auth\domain\entity\contact_entity.dart
DA:8,5
LF:1
LH:1
end_of_record
SF:lib\features\auth\domain\use_case\get_all_contact_usecase.dart
DA:9,2
DA:11,2
DA:12,4
LF:3
LH:3
end_of_record
SF:lib\features\auth\domain\use_case\get_all_user_usecase.dart
DA:11,1
DA:13,1
DA:15,2
LF:3
LH:3
end_of_record
SF:lib\app\shared_prefs\token_shared_prefs.dart
DA:9,0
DA:11,0
DA:13,0
DA:16,0
DA:20,0
DA:22,0
DA:23,0
DA:25,0
LF:8
LH:0
end_of_record
SF:lib\features\auth\domain\use_case\login_usecase.dart
DA:12,1
DA:17,0
DA:21,0
DA:22,0
DA:29,1
DA:31,1
DA:33,6
DA:34,1
DA:35,2
DA:36,1
DA:37,2
DA:38,4
DA:39,1
DA:41,1
LF:14
LH:11
end_of_record
SF:lib\features\auth\domain\use_case\submit_contact_usecase.dart
DA:7,2
DA:9,2
DA:10,4
LF:3
LH:3
end_of_record
SF:lib\features\auth\domain\entity\booking_entity.dart
DA:17,2
LF:1
LH:1
end_of_record
SF:lib\features\auth\domain\use_case\get_user_bookings.dart
DA:9,2
DA:11,2
DA:12,4
LF:3
LH:3
end_of_record
SF:lib\app\constants\api_endpoints.dart
DA:43,0
LF:1
LH:0
end_of_record
SF:lib\app\constants\hive_table_constant.dart
DA:2,0
LF:1
LH:0
end_of_record
SF:lib\app\di\di.dart
DA:65,0
DA:67,0
DA:68,0
DA:69,0
DA:70,0
DA:72,0
DA:73,0
DA:74,0
DA:75,0
DA:76,0
DA:77,0
DA:78,0
DA:79,0
DA:82,0
DA:83,0
DA:84,0
DA:87,0
DA:88,0
DA:91,0
DA:93,0
DA:94,0
DA:98,0
DA:99,0
DA:103,0
DA:104,0
DA:105,0
DA:107,0
DA:108,0
DA:110,0
DA:111,0
DA:113,0
DA:114,0
DA:116,0
DA:117,0
DA:120,0
DA:121,0
DA:124,0
DA:125,0
DA:126,0
DA:127,0
DA:132,0
DA:133,0
DA:136,0
DA:137,0
DA:140,0
DA:141,0
DA:142,0
DA:145,0
DA:146,0
DA:147,0
DA:150,0
DA:151,0
DA:152,0
DA:153,0
DA:154,0
DA:155,0
DA:160,0
DA:161,0
DA:165,0
DA:167,0
DA:168,0
DA:169,0
DA:170,0
DA:171,0
DA:172,0
DA:173,0
DA:174,0
DA:175,0
DA:176,0
DA:179,0
DA:180,0
DA:183,0
DA:184,0
DA:185,0
DA:186,0
DA:189,0
DA:191,0
DA:192,0
DA:193,0
DA:194,0
DA:195,0
DA:196,0
DA:197,0
DA:198,0
DA:199,0
DA:200,0
DA:201,0
DA:202,0
DA:203,0
DA:204,0
DA:205,0
DA:206,0
DA:207,0
DA:208,0
DA:209,0
DA:210,0
DA:211,0
DA:212,0
DA:213,0
DA:217,0
DA:219,0
DA:220,0
DA:221,0
DA:222,0
DA:223,0
DA:224,0
DA:225,0
DA:226,0
DA:227,0
DA:228,0
DA:229,0
DA:230,0
DA:232,0
DA:233,0
DA:234,0
DA:235,0
DA:236,0
LF:117
LH:0
end_of_record
SF:lib\core\network\api_service.dart
DA:13,0
DA:15,0
DA:16,0
DA:17,0
DA:18,0
DA:19,0
DA:21,0
DA:23,0
DA:26,0
DA:27,0
LF:10
LH:0
end_of_record
SF:lib\core\network\hive_service.dart
DA:8,0
DA:10,0
DA:11,0
DA:13,0
DA:16,0
DA:20,0
DA:21,0
DA:22,0
DA:25,0
DA:26,0
DA:27,0
DA:31,0
DA:32,0
DA:33,0
DA:37,0
DA:38,0
DA:39,0
DA:40,0
DA:41,0
LF:19
LH:0
end_of_record
SF:lib\features\auth\data\data_source\local_datasource\local_datasource.dart
DA:12,0
DA:14,0
DA:18,0
DA:19,0
DA:21,0
DA:25,0
DA:28,0
DA:29,0
DA:31,0
DA:36,0
DA:39,0
DA:41,0
DA:45,0
DA:48,0
DA:49,0
DA:52,0
DA:56,0
DA:59,0
DA:62,0
DA:65,0
LF:20
LH:0
end_of_record
SF:lib\features\auth\data\data_source\remote_datasource\booking_remote_datasource.dart
DA:17,0
DA:19,0
DA:22,0
DA:23,0
DA:24,0
DA:28,0
DA:30,0
DA:36,0
DA:38,0
DA:39,0
DA:40,0
DA:41,0
DA:43,0
DA:47,0
DA:49,0
DA:50,0
DA:51,0
DA:52,0
DA:54,0
DA:58,0
DA:61,0
DA:62,0
DA:69,0
DA:72,0
DA:73,0
DA:74,0
DA:76,0
DA:80,0
DA:82,0
DA:83,0
LF:30
LH:0
end_of_record
SF:lib\features\auth\data\data_source\remote_datasource\contact_remote_datasource.dart
DA:15,0
DA:17,0
DA:20,0
DA:22,0
DA:24,0
DA:30,0
DA:34,0
DA:37,0
DA:38,0
DA:39,0
DA:40,0
DA:42,0
DA:45,0
DA:49,0
DA:52,0
DA:53,0
DA:59,0
LF:17
LH:0
end_of_record
SF:lib\features\auth\data\data_source\remote_datasource\user_profile_service.dart
DA:78,0
DA:80,0
DA:81,0
DA:82,0
DA:84,0
DA:87,0
DA:89,0
DA:90,0
DA:91,0
DA:97,0
DA:98,0
DA:100,0
DA:104,0
DA:109,0
DA:110,0
DA:111,0
DA:113,0
DA:115,0
DA:120,0
DA:121,0
DA:122,0
DA:128,0
DA:129,0
DA:131,0
LF:24
LH:0
end_of_record
SF:lib\features\auth\data\data_source\remote_datasource\user_remote_datasource.dart
DA:12,0
DA:14,0
DA:18,0
DA:19,0
DA:21,0
DA:23,0
DA:26,0
DA:28,0
DA:29,0
DA:31,0
DA:35,0
DA:38,0
DA:58,0
DA:61,0
DA:63,0
DA:68,0
DA:69,0
DA:72,0
DA:74,0
DA:75,0
DA:77,0
DA:81,0
DA:84,0
DA:85,0
DA:86,0
DA:87,0
DA:92,0
DA:95,0
DA:101,0
DA:102,0
DA:104,0
DA:106,0
DA:107,0
DA:109,0
DA:115,0
DA:118,0
DA:120,0
DA:121,0
DA:122,0
DA:126,0
DA:128,0
DA:129,0
DA:131,0
DA:133,0
DA:134,0
DA:136,0
DA:140,0
DA:143,0
LF:48
LH:0
end_of_record
SF:lib\features\auth\data\repositories\booking_repository_impl.dart
DA:10,0
DA:12,0
DA:15,0
DA:18,0
DA:22,0
DA:24,0
DA:28,0
DA:30,0
DA:34,0
DA:36,0
DA:39,0
DA:41,0
DA:45,0
DA:47,0
LF:14
LH:0
end_of_record
SF:lib\features\auth\data\repositories\contact_repository_impl.dart
DA:9,0
DA:11,0
DA:14,0
DA:16,0
DA:17,0
DA:18,0
DA:19,0
DA:21,0
DA:24,0
DA:26,0
DA:27,0
DA:30,0
DA:32,0
LF:13
LH:0
end_of_record
SF:lib\features\auth\data\repositories\user_local_repository.dart
DA:13,0
DA:16,0
DA:19,0
DA:20,0
DA:22,0
DA:26,0
DA:32,0
DA:33,0
DA:35,0
DA:39,0
DA:42,0
DA:45,0
DA:49,0
DA:52,0
DA:53,0
DA:55,0
DA:56,0
DA:61,0
DA:64,0
DA:67,0
DA:70,0
LF:21
LH:0
end_of_record
SF:lib\features\auth\data\repositories\user_remote_repository.dart
DA:13,0
DA:15,0
DA:18,0
DA:19,0
DA:21,0
DA:22,0
DA:24,0
DA:30,0
DA:33,0
DA:36,0
DA:39,0
DA:40,0
DA:42,0
DA:43,0
DA:45,0
DA:51,0
DA:55,0
DA:56,0
DA:58,0
DA:59,0
DA:61,0
DA:67,0
DA:70,0
DA:71,0
DA:73,0
DA:78,0
DA:81,0
DA:82,0
DA:84,0
LF:29
LH:0
end_of_record
SF:lib\features\auth\domain\use_case\approve_bookings_usecase.dart
DA:9,0
DA:11,0
DA:12,0
LF:3
LH:0
end_of_record
SF:lib\features\auth\domain\use_case\cancel_bookings_usecase.dart
DA:5,0
DA:7,0
DA:8,0
LF:3
LH:0
end_of_record
SF:lib\features\auth\domain\use_case\create_booking_usecase.dart
DA:9,0
DA:11,0
DA:12,0
LF:3
LH:0
end_of_record
SF:lib\features\auth\domain\use_case\delete_bookings_usecase.dart
DA:5,0
DA:7,0
DA:8,0
LF:3
LH:0
end_of_record
SF:lib\features\auth\domain\use_case\get_all_bookings_usecase.dart
DA:9,0
DA:11,0
DA:12,0
LF:3
LH:0
end_of_record
SF:lib\features\auth\domain\use_case\upload_image_usecase.dart
DA:12,0
DA:21,0
DA:23,0
DA:25,0
LF:4
LH:0
end_of_record
SF:lib\features\auth\presentation\view_model\login\login_event.dart
DA:4,0
DA:6,0
DA:7,0
DA:14,0
DA:24,0
DA:35,0
LF:6
LH:0
end_of_record
SF:lib\features\auth\presentation\view_model\login\login_bloc.dart
DA:23,0
DA:32,0
DA:33,0
DA:34,0
DA:35,0
DA:36,0
DA:37,0
DA:38,0
DA:43,0
DA:44,0
DA:46,0
DA:47,0
DA:48,0
DA:49,0
DA:53,0
DA:55,0
DA:56,0
DA:57,0
DA:65,0
DA:66,0
DA:70,0
DA:73,0
DA:74,0
DA:75,0
DA:76,0
DA:77,0
DA:78,0
DA:82,0
DA:83,0
DA:84,0
DA:85,0
DA:86,0
DA:92,0
DA:93,0
DA:95,0
DA:96,0
DA:103,0
DA:104,0
LF:38
LH:0
end_of_record
SF:lib\features\auth\presentation\view_model\signup\register_event.dart
DA:4,1
DA:6,0
DA:7,0
DA:13,1
DA:25,1
DA:38,0
LF:6
LH:3
end_of_record
SF:lib\features\auth\presentation\view_model\signup\register_bloc.dart
DA:17,0
DA:22,0
DA:23,0
DA:24,0
DA:27,0
DA:29,0
DA:31,0
DA:32,0
DA:33,0
DA:34,0
DA:35,0
DA:38,0
DA:41,0
DA:42,0
DA:43,0
DA:44,0
DA:45,0
DA:46,0
DA:51,0
DA:55,0
DA:56,0
DA:57,0
DA:58,0
DA:62,0
DA:63,0
DA:64,0
DA:65,0
LF:27
LH:0
end_of_record
SF:lib\features\dashboard1\Bottom_Screen\view_model\contact_bloc_view.dart
DA:11,3
DA:12,2
DA:13,2
DA:15,3
DA:17,2
DA:19,2
DA:22,2
LF:7
LH:7
end_of_record
SF:lib\features\dashboard1\admin_screens\view_model\booking_bloc.dart
DA:21,0
DA:28,0
DA:29,0
DA:30,0
DA:31,0
DA:32,0
DA:33,0
DA:34,0
DA:37,0
DA:38,0
DA:40,0
DA:41,0
DA:43,0
DA:47,0
DA:48,0
DA:50,0
DA:51,0
DA:53,0
DA:57,0
DA:58,0
DA:60,0
DA:61,0
DA:63,0
DA:67,0
DA:68,0
DA:70,0
DA:72,0
DA:73,0
DA:75,0
DA:78,0
DA:82,0
DA:83,0
DA:85,0
DA:86,0
DA:87,0
DA:89,0
DA:93,0
DA:94,0
DA:96,0
DA:98,0
DA:99,0
DA:101,0
DA:104,0
LF:43
LH:0
end_of_record
SF:lib\features\dashboard1\admin_screens\view_model\contact_bloc.dart
DA:13,0
DA:16,0
DA:17,0
DA:18,0
DA:21,0
DA:23,0
DA:25,0
DA:26,0
DA:28,0
DA:32,0
DA:34,0
DA:36,0
DA:38,0
DA:39,0
DA:41,0
DA:44,0
LF:16
LH:0
end_of_record
SF:lib\features\home\presentation\view_model\home_cubit.dart
DA:6,0
DA:8,0
DA:9,0
LF:3
LH:0
end_of_record
SF:lib\features\onboarding\presentation\view_model\onboarding_cubit.dart
DA:10,0
DA:14,0
DA:15,0
DA:16,0
DA:18,0
DA:19,0
DA:20,0
DA:21,0
LF:8
LH:0
end_of_record
SF:lib\features\splash\presentation\view_model\splash_cubit.dart
DA:10,0
DA:14,0
DA:16,0
DA:17,0
DA:19,0
DA:21,0
DA:22,0
DA:23,0
DA:24,0
LF:9
LH:0
end_of_record
SF:lib\features\auth\data\data_source\remote_datasource\hotels_remote_datasource.dart
DA:19,0
DA:21,0
DA:23,0
DA:24,0
DA:25,0
DA:26,0
DA:28,0
DA:32,0
DA:34,0
DA:35,0
DA:36,0
DA:38,0
DA:42,0
DA:46,0
DA:47,0
DA:49,0
DA:53,0
DA:56,0
DA:57,0
DA:58,0
DA:59,0
DA:61,0
DA:67,0
DA:68,0
DA:70,0
DA:72,0
DA:76,0
DA:78,0
DA:79,0
DA:81,0
DA:83,0
DA:87,0
DA:89,0
DA:90,0
DA:91,0
LF:35
LH:0
end_of_record
SF:lib\features\auth\data\repositories\hotel_repository_impl.dart
DA:11,0
DA:13,0
DA:15,0
DA:19,0
DA:21,0
DA:25,0
DA:34,0
DA:42,0
DA:46,0
DA:57,0
DA:58,0
DA:59,0
DA:60,0
DA:61,0
DA:62,0
DA:63,0
DA:64,0
DA:66,0
DA:70,0
DA:72,0
LF:20
LH:0
end_of_record
SF:lib\features\auth\domain\use_case\create_hotel_usecase.dart
DA:9,0
DA:11,0
DA:19,0
LF:3
LH:0
end_of_record
SF:lib\features\auth\domain\use_case\delete_hotel_usecase.dart
DA:11,0
DA:13,0
DA:14,0
LF:3
LH:0
end_of_record
SF:lib\features\auth\domain\use_case\get_all_hotel_usecase.dart
DA:11,0
DA:13,0
DA:14,0
LF:3
LH:0
end_of_record
SF:lib\features\dashboard1\admin_screens\view_model\hotel_bloc.dart
DA:15,1
DA:20,2
DA:21,2
DA:22,2
DA:23,2
DA:24,2
DA:27,1
DA:28,2
DA:30,2
DA:31,2
DA:33,3
DA:37,0
DA:39,0
DA:41,0
DA:42,0
DA:43,0
DA:44,0
DA:45,0
DA:46,0
DA:47,0
DA:49,0
DA:50,0
DA:52,0
DA:56,0
DA:58,0
DA:60,0
DA:61,0
DA:62,0
DA:63,0
DA:64,0
DA:65,0
DA:66,0
DA:67,0
DA:68,0
DA:70,0
DA:71,0
DA:73,0
DA:77,0
DA:79,0
DA:81,0
DA:82,0
DA:83,0
DA:85,0
LF:43
LH:11
end_of_record
SF:lib\features\auth\domain\use_case\update_hotel_usecase.dart
DA:10,0
DA:12,0
DA:23,0
LF:3
LH:0
end_of_record
SF:lib\core\common\snackbar\my_snackbar.dart
DA:3,0
DA:8,0
DA:10,0
DA:11,0
DA:12,0
LF:5
LH:0
end_of_record
SF:lib\core\common\widgets\custom_elevated_button.dart
DA:13,2
DA:25,2
DA:27,2
DA:28,2
DA:29,2
DA:30,2
DA:31,2
DA:32,2
DA:33,4
DA:37,2
DA:38,4
DA:40,4
DA:42,2
DA:43,2
DA:44,2
DA:45,2
DA:47,2
DA:48,2
LF:18
LH:18
end_of_record
SF:lib\core\common\widgets\custom_text_field.dart
DA:11,2
DA:21,2
DA:23,2
DA:24,2
DA:25,2
DA:26,2
DA:27,2
DA:29,2
DA:33,2
DA:34,2
DA:37,2
DA:38,2
DA:42,2
DA:44,2
DA:45,0
LF:15
LH:14
end_of_record
SF:lib\core\network\auth_inspector.dart
DA:8,0
DA:10,0
DA:14,0
DA:15,0
DA:16,0
DA:19,0
DA:20,0
DA:21,0
DA:25,0
LF:9
LH:0
end_of_record
SF:lib\core\network\dio_error_interceptor.dart
DA:4,0
DA:6,0
DA:8,0
DA:12,0
DA:13,0
DA:14,0
DA:15,0
DA:16,0
DA:21,0
DA:22,0
DA:23,0
DA:25,0
DA:31,0
DA:32,0
DA:37,0
LF:15
LH:0
end_of_record
SF:lib\features\auth\data\model\user_hive_model.dart
DA:37,0
DA:46,0
DA:49,0
DA:60,0
DA:61,0
DA:62,0
DA:63,0
DA:64,0
DA:65,0
DA:66,0
DA:67,0
DA:68,0
DA:69,0
DA:74,0
DA:75,0
DA:76,0
DA:77,0
DA:78,0
DA:79,0
DA:80,0
DA:81,0
DA:82,0
DA:83,0
DA:87,0
DA:89,0
DA:90,0
DA:93,0
DA:94,0
LF:28
LH:0
end_of_record
SF:lib\features\auth\data\model\user_hive_model.g.dart
DA:13,0
DA:15,0
DA:16,0
DA:17,0
DA:19,0
DA:20,0
DA:21,0
DA:22,0
DA:23,0
DA:24,0
DA:25,0
DA:26,0
DA:27,0
DA:31,0
DA:34,0
DA:35,0
DA:36,0
DA:37,0
DA:38,0
DA:39,0
DA:40,0
DA:41,0
DA:42,0
DA:43,0
DA:44,0
DA:45,0
DA:46,0
DA:47,0
DA:48,0
DA:49,0
DA:50,0
DA:53,0
DA:54,0
DA:56,0
DA:59,0
DA:60,0
DA:61,0
LF:37
LH:0
end_of_record
SF:lib\features\auth\data\model\booking_model.dart
DA:6,0
DA:19,0
DA:34,0
DA:40,0
DA:42,0
DA:43,0
DA:44,0
DA:45,0
DA:46,0
DA:47,0
DA:55,0
DA:58,0
DA:60,0
DA:61,0
DA:62,0
DA:64,0
DA:65,0
DA:67,0
DA:68,0
DA:70,0
DA:71,0
DA:72,0
DA:73,0
DA:75,0
DA:81,0
DA:84,0
DA:86,0
DA:89,0
DA:90,0
DA:94,0
DA:105,0
DA:106,0
DA:107,0
DA:108,0
DA:109,0
DA:110,0
DA:111,0
LF:37
LH:0
end_of_record
SF:lib\features\auth\data\model\contact_api_model.dart
DA:17,0
DA:25,0
DA:26,0
DA:27,0
DA:29,0
DA:30,0
DA:31,0
DA:32,0
DA:33,0
DA:34,0
DA:35,0
LF:11
LH:0
end_of_record
SF:lib\features\auth\data\model\contact_api_model.g.dart
DA:9,0
DA:10,0
DA:11,0
DA:12,0
DA:13,0
DA:14,0
DA:15,0
DA:18,0
DA:19,0
DA:20,0
DA:21,0
DA:22,0
DA:23,0
DA:24,0
LF:14
LH:0
end_of_record
SF:lib\features\auth\data\data_source\remote_datasource\hotel_remote_datasource.dart
DA:9,1
DA:11,1
DA:14,2
DA:16,0
DA:17,0
DA:18,0
DA:19,0
DA:21,0
DA:24,2
LF:9
LH:4
end_of_record
SF:lib\features\auth\data\model\hotel_api_model.dart
DA:20,0
DA:31,0
DA:32,0
DA:34,0
DA:35,0
DA:36,0
DA:37,0
DA:38,0
DA:39,0
DA:40,0
DA:41,0
DA:42,0
DA:43,0
LF:13
LH:0
end_of_record
SF:lib\features\auth\data\model\hotel_api_model.g.dart
DA:9,0
DA:10,0
DA:11,0
DA:12,0
DA:13,0
DA:14,0
DA:15,0
DA:16,0
DA:18,0
DA:19,0
DA:22,0
DA:23,0
DA:24,0
DA:25,0
DA:26,0
DA:27,0
DA:28,0
DA:29,0
DA:30,0
DA:31,0
LF:20
LH:0
end_of_record
SF:lib\features\auth\data\model\hotel_model.dart
DA:7,0
DA:16,0
DA:27,0
DA:28,0
DA:29,0
DA:30,0
DA:31,0
DA:32,0
DA:33,0
DA:34,0
DA:35,0
DA:36,0
DA:40,0
DA:41,0
DA:42,0
DA:43,0
DA:44,0
DA:45,0
DA:46,0
DA:47,0
DA:48,0
LF:21
LH:0
end_of_record
SF:lib\features\auth\data\model\user_profile_model.dart
DA:10,0
DA:19,0
DA:20,0
DA:21,0
DA:22,0
DA:23,0
DA:24,0
DA:25,0
DA:26,0
LF:9
LH:0
end_of_record
SF:lib\features\auth\data\model\user_api_model.dart
DA:19,0
DA:30,0
DA:41,0
DA:42,0
DA:43,0
DA:44,0
DA:45,0
DA:46,0
DA:47,0
DA:48,0
DA:49,0
DA:50,0
DA:55,0
DA:56,0
DA:57,0
DA:58,0
DA:59,0
DA:60,0
DA:61,0
DA:62,0
DA:63,0
DA:68,0
DA:69,0
DA:70,0
DA:71,0
DA:72,0
DA:73,0
DA:74,0
DA:75,0
DA:76,0
DA:80,0
DA:81,0
DA:82,0
DA:83,0
DA:84,0
DA:85,0
DA:86,0
DA:87,0
DA:91,0
DA:92,0
DA:94,0
DA:95,0
DA:96,0
DA:97,0
DA:98,0
DA:99,0
DA:100,0
DA:101,0
DA:102,0
DA:103,0
LF:50
LH:0
end_of_record
SF:lib\features\auth\domain\entity\hotel_entity.dart
DA:13,1
DA:24,0
DA:25,0
LF:3
LH:1
end_of_record
SF:lib\features\auth\domain\entity\hotel.dart
DA:11,1
LF:1
LH:1
end_of_record
SF:lib\features\auth\domain\repository\hotel_repository.dart
DA:15,1
DA:17,1
DA:20,2
DA:21,0
DA:23,3
LF:5
LH:4
end_of_record
SF:lib\features\auth\domain\use_case\get_all_hotels_usecase.dart
DA:11,2
DA:13,2
DA:14,4
LF:3
LH:3
end_of_record
SF:lib\features\auth\presentation\view\login_view.dart
DA:9,1
DA:15,1
DA:17,1
DA:19,1
DA:20,1
DA:21,1
DA:23,1
DA:24,1
DA:25,1
DA:27,1
DA:31,1
DA:32,1
DA:40,1
DA:41,1
DA:43,1
DA:61,1
DA:62,1
DA:70,1
DA:71,1
DA:80,1
DA:82,1
DA:83,0
DA:84,0
DA:95,1
DA:97,1
DA:99,0
DA:100,0
DA:101,0
DA:102,0
DA:105,0
DA:106,0
DA:123,1
DA:125,1
DA:127,1
DA:128,0
DA:129,0
DA:130,0
DA:154,0
DA:155,0
DA:161,0
DA:162,0
LF:41
LH:26
end_of_record
SF:lib\features\auth\presentation\view\register_view.dart
DA:12,10
DA:14,1
DA:15,1
DA:25,0
DA:26,0
DA:27,0
DA:28,0
DA:32,0
DA:34,0
DA:36,0
DA:37,0
DA:38,0
DA:39,0
DA:44,0
DA:48,1
DA:50,1
DA:51,1
DA:52,1
DA:53,1
DA:54,1
DA:55,1
DA:57,1
DA:59,1
DA:85,1
DA:86,1
DA:87,1
DA:88,1
DA:89,1
DA:90,1
DA:91,1
DA:99,2
DA:101,1
DA:104,1
DA:105,1
DA:106,0
DA:107,0
DA:108,0
DA:109,0
DA:114,1
DA:115,0
DA:116,0
DA:117,0
DA:127,1
DA:130,1
DA:132,1
DA:134,1
DA:135,0
DA:136,0
DA:146,1
DA:149,1
DA:150,1
DA:167,1
DA:168,1
DA:174,1
DA:175,1
DA:181,1
DA:182,1
DA:188,1
DA:190,1
DA:191,3
DA:192,0
DA:193,0
DA:201,0
DA:202,0
DA:203,0
DA:204,0
DA:206,0
DA:207,0
DA:208,0
DA:213,0
DA:214,0
DA:215,0
DA:216,0
DA:217,0
DA:227,1
DA:229,1
DA:230,0
DA:248,1
DA:249,1
DA:252,0
DA:255,0
DA:261,1
DA:262,1
DA:268,1
DA:269,1
LF:85
LH:48
end_of_record
SF:lib\features\dashboard1\admin_dashboard_view.dart
DA:18,0
DA:20,0
DA:21,0
DA:31,0
DA:33,0
DA:35,0
DA:37,0
DA:38,0
DA:39,0
DA:40,0
DA:41,0
DA:42,0
DA:47,0
DA:49,0
DA:51,0
DA:59,0
DA:60,0
DA:66,0
DA:67,0
DA:68,0
DA:69,0
DA:70,0
DA:73,0
DA:74,0
DA:75,0
DA:78,0
DA:79,0
DA:85,0
DA:86,0
DA:87,0
DA:88,0
DA:89,0
DA:90,0
DA:95,0
DA:97,0
DA:98,0
DA:99,0
DA:102,0
DA:103,0
DA:105,0
DA:106,0
DA:108,0
DA:109,0
DA:111,0
DA:112,0
DA:114,0
DA:115,0
DA:117,0
DA:118,0
DA:124,0
DA:126,0
DA:127,0
DA:128,0
DA:130,0
DA:132,0
DA:143,0
DA:148,0
DA:150,0
DA:155,0
DA:157,0
DA:162,0
DA:164,0
DA:169,0
DA:171,0
DA:176,0
DA:178,0
DA:183,0
DA:189,0
DA:191,0
DA:192,0
DA:194,0
DA:198,0
LF:72
LH:0
end_of_record
SF:lib\features\dashboard1\dashboard_view.dart
DA:9,9
DA:11,0
DA:12,0
DA:25,0
DA:26,0
DA:27,0
DA:32,0
DA:33,0
DA:34,0
DA:38,0
DA:40,0
DA:42,0
DA:43,0
DA:44,0
DA:45,0
DA:46,0
DA:48,0
DA:49,0
LF:18
LH:1
end_of_record
SF:lib\features\auth\presentation\view_model\login\login_state.dart
DA:8,9
DA:13,1
DA:20,0
DA:24,0
DA:25,0
DA:26,0
DA:30,0
DA:31,0
LF:8
LH:2
end_of_record
SF:lib\features\auth\presentation\view_model\signup\register_state.dart
DA:9,9
DA:16,1
DA:25,0
DA:31,0
DA:32,0
DA:33,0
DA:34,0
DA:35,0
DA:39,0
DA:40,0
LF:10
LH:2
end_of_record
SF:lib\features\dashboard1\Bottom_Screen\bookmark_view.dart
DA:15,1
DA:17,1
DA:18,2
DA:19,4
DA:20,2
DA:21,1
DA:22,1
DA:27,1
DA:28,1
DA:29,1
DA:31,1
DA:32,0
DA:33,0
DA:34,0
DA:35,0
DA:36,0
DA:37,0
DA:39,0
DA:41,0
DA:42,0
DA:46,0
DA:50,1
DA:51,1
DA:52,1
DA:53,1
DA:69,0
DA:71,0
DA:76,0
DA:77,0
DA:78,0
DA:79,0
DA:80,0
DA:82,0
DA:84,0
DA:86,0
DA:87,0
DA:89,0
DA:91,0
DA:92,0
DA:93,0
DA:94,0
DA:95,0
DA:97,0
DA:99,0
DA:100,0
DA:107,0
DA:110,0
DA:112,0
DA:114,0
DA:115,0
DA:117,0
DA:123,0
LF:52
LH:15
end_of_record
SF:lib\features\dashboard1\Bottom_Screen\view_model\hotel_bloc.dart
DA:13,3
DA:14,2
DA:15,2
DA:16,2
DA:17,1
DA:18,4
DA:19,0
DA:20,0
DA:21,0
DA:26,1
DA:27,0
DA:28,0
DA:29,0
DA:30,0
LF:14
LH:7
end_of_record
SF:lib\features\dashboard1\Bottom_Screen\view_model\hotel_event.dart
DA:4,0
DA:5,0
DA:13,0
DA:15,0
DA:16,0
LF:5
LH:0
end_of_record
SF:lib\features\dashboard1\Bottom_Screen\view_model\hotel_state.dart
DA:6,1
DA:7,1
DA:15,0
DA:17,0
DA:18,0
DA:24,1
DA:26,0
DA:27,0
LF:8
LH:3
end_of_record
SF:lib\features\dashboard1\Bottom_Screen\hotel_detail_page.dart
DA:13,0
DA:15,0
DA:19,0
DA:20,0
DA:21,0
DA:22,0
DA:23,0
DA:25,0
DA:26,0
DA:27,0
DA:28,0
DA:29,0
DA:30,0
DA:36,0
DA:38,0
DA:40,0
DA:42,0
DA:43,0
DA:45,0
DA:47,0
DA:48,0
DA:49,0
DA:55,0
DA:56,0
DA:59,0
DA:61,0
DA:63,0
DA:66,0
DA:67,0
DA:69,0
DA:71,0
DA:72,0
DA:73,0
DA:74,0
DA:75,0
DA:79,0
DA:83,0
DA:84,0
DA:91,0
DA:95,0
DA:96,0
DA:99,0
DA:104,0
DA:106,0
DA:107,0
DA:110,0
DA:122,0
DA:126,0
DA:127,0
DA:128,0
DA:129,0
DA:130,0
DA:132,0
DA:134,0
DA:135,0
LF:55
LH:0
end_of_record
SF:lib\features\dashboard1\Bottom_Screen\contact_view.dart
DA:9,1
DA:11,1
DA:12,1
DA:22,0
DA:23,0
DA:24,0
DA:25,0
DA:26,0
DA:29,1
DA:31,1
DA:32,1
DA:41,1
DA:42,1
DA:44,1
DA:45,1
DA:47,1
DA:48,0
DA:49,0
DA:50,0
DA:56,0
DA:57,0
DA:58,0
DA:59,0
DA:60,0
DA:66,1
DA:67,1
DA:72,1
DA:81,1
DA:82,1
DA:84,2
DA:85,1
DA:87,1
DA:88,1
DA:102,1
DA:103,1
DA:104,1
DA:112,1
DA:113,1
DA:115,1
DA:116,1
DA:117,1
DA:119,1
DA:126,1
DA:127,1
DA:129,2
DA:130,1
DA:132,1
DA:133,1
DA:134,1
DA:135,1
DA:141,2
DA:142,2
DA:143,2
DA:144,2
DA:147,1
DA:148,1
DA:152,1
DA:153,1
DA:155,0
DA:156,0
DA:157,0
DA:158,0
DA:159,0
DA:160,0
DA:161,0
DA:164,0
DA:165,0
DA:166,0
DA:169,1
DA:187,1
DA:190,1
DA:192,1
DA:195,0
DA:196,0
DA:197,1
DA:199,1
DA:200,1
DA:202,1
DA:203,1
LF:79
LH:54
end_of_record
SF:lib\features\dashboard1\Bottom_Screen\view_model\contact_event.dart
DA:10,1
LF:1
LH:1
end_of_record
SF:lib\features\dashboard1\Bottom_Screen\view_model\contact_state.dart
DA:11,1
LF:1
LH:1
end_of_record
SF:lib\features\dashboard1\Bottom_Screen\edit_profile_view.dart
DA:9,9
DA:11,0
DA:12,0
DA:23,0
DA:25,0
DA:26,0
DA:27,0
DA:28,0
DA:29,0
DA:32,0
DA:34,0
DA:35,0
DA:36,0
DA:37,0
DA:38,0
DA:41,0
DA:42,0
DA:47,0
DA:48,0
DA:49,0
DA:52,0
DA:53,0
DA:54,0
DA:55,0
DA:58,0
DA:62,0
DA:64,0
DA:65,0
DA:68,0
DA:69,0
DA:74,0
DA:76,0
DA:77,0
DA:78,0
DA:79,0
DA:82,0
DA:84,0
DA:85,0
DA:86,0
DA:87,0
DA:90,0
DA:91,0
DA:96,0
DA:98,0
DA:100,0
DA:101,0
DA:102,0
DA:103,0
DA:104,0
DA:108,0
DA:109,0
DA:118,0
DA:119,0
DA:120,0
DA:124,0
DA:125,0
LF:56
LH:1
end_of_record
SF:lib\features\dashboard1\Bottom_Screen\homescreen_view.dart
DA:18,9
DA:20,0
DA:21,0
DA:29,0
DA:31,0
DA:33,0
DA:36,0
DA:37,0
DA:38,0
DA:40,0
DA:41,0
DA:42,0
DA:48,0
DA:50,0
DA:51,0
DA:52,0
DA:53,0
DA:56,0
DA:57,0
DA:58,0
DA:61,0
DA:62,0
DA:69,0
DA:70,0
DA:71,0
DA:72,0
DA:74,0
DA:75,0
DA:80,0
DA:82,0
DA:83,0
DA:86,0
DA:88,0
DA:90,0
DA:101,0
DA:103,0
DA:105,0
DA:109,0
DA:110,0
DA:112,0
DA:113,0
DA:114,0
DA:115,0
DA:116,0
DA:117,0
DA:118,0
DA:125,0
DA:126,0
DA:128,0
DA:129,0
DA:131,0
DA:132,0
DA:133,0
DA:135,0
DA:142,0
DA:143,0
DA:149,0
DA:150,0
DA:160,0
DA:161,0
DA:163,0
DA:165,0
DA:171,0
DA:173,0
DA:175,0
DA:176,0
DA:178,0
DA:191,0
DA:192,0
DA:197,0
DA:198,0
DA:200,0
DA:207,0
DA:220,0
DA:221,0
DA:223,0
DA:225,0
DA:226,0
DA:229,0
DA:230,0
DA:231,0
DA:233,0
DA:247,0
DA:248,0
DA:249,0
DA:250,0
DA:252,0
DA:253,0
DA:254,0
DA:256,0
DA:257,0
DA:258,0
DA:261,0
DA:263,0
DA:264,0
DA:265,0
DA:266,0
DA:267,0
DA:271,0
DA:275,0
DA:276,0
DA:286,0
DA:287,0
DA:289,0
DA:292,0
DA:294,0
DA:295,0
DA:296,0
DA:302,0
DA:304,0
DA:305,0
DA:306,0
DA:307,0
DA:308,0
DA:316,0
DA:317,0
DA:319,0
DA:329,0
DA:330,0
DA:334,0
DA:350,0
DA:352,0
DA:356,0
DA:357,0
DA:358,0
DA:359,0
DA:362,0
DA:364,0
DA:366,0
DA:369,0
DA:371,0
DA:373,0
DA:374,0
DA:375,0
DA:376,0
DA:382,0
DA:387,0
DA:388,0
DA:398,0
DA:400,0
DA:401,0
DA:409,0
DA:411,0
DA:412,0
LF:144
LH:1
end_of_record
SF:lib\features\dashboard1\admin_screens\view_model\hotel_event.dart
DA:4,1
DA:6,0
DA:7,0
DA:20,0
DA:29,0
DA:30,0
DA:43,0
DA:54,0
DA:55,0
DA:61,0
DA:63,0
DA:64,0
LF:12
LH:1
end_of_record
SF:lib\features\dashboard1\admin_screens\view_model\hotel_state.dart
DA:5,1
DA:7,1
DA:8,1
DA:18,1
DA:20,1
DA:21,2
DA:27,0
DA:29,0
DA:30,0
DA:36,1
DA:38,1
DA:39,2
LF:12
LH:9
end_of_record
SF:lib\features\dashboard1\Bottom_Screen\user_booking_page.dart
DA:9,18
DA:11,0
DA:12,0
DA:14,0
DA:15,0
DA:16,0
DA:21,0
DA:22,0
DA:23,0
DA:26,0
DA:27,0
DA:28,0
DA:29,0
DA:38,0
DA:40,0
DA:41,0
DA:42,0
DA:43,0
DA:44,0
DA:48,0
DA:49,0
DA:50,0
DA:52,0
DA:53,0
DA:58,0
DA:60,0
DA:61,0
DA:63,0
DA:70,0
DA:71,0
DA:73,0
DA:74,0
DA:75,0
DA:77,0
DA:78,0
DA:79,0
DA:80,0
DA:82,0
DA:85,0
DA:86,0
DA:87,0
DA:91,0
DA:93,0
DA:95,0
DA:96,0
DA:97,0
DA:98,0
DA:99,0
DA:103,0
DA:106,0
DA:112,0
DA:113,0
DA:116,0
DA:117,0
DA:118,0
DA:124,0
DA:125,0
DA:129,0
DA:130,0
DA:143,0
DA:144,0
DA:148,0
DA:149,0
DA:153,0
DA:156,0
DA:158,0
DA:160,0
DA:162,0
DA:163,0
DA:172,0
DA:173,0
DA:176,0
DA:177,0
DA:188,0
DA:189,0
DA:190,0
DA:201,0
DA:202,0
DA:203,0
DA:205,0
DA:207,0
LF:81
LH:1
end_of_record
SF:lib\features\dashboard1\admin_screens\view_model\booking_event.dart
DA:4,0
DA:5,0
DA:6,0
DA:11,0
DA:12,0
DA:13,0
DA:22,0
DA:23,0
DA:24,0
DA:29,0
DA:30,0
DA:31,0
DA:36,0
DA:37,0
DA:38,0
LF:15
LH:0
end_of_record
SF:lib\features\dashboard1\admin_screens\view_model\booking_state.dart
DA:7,0
DA:8,0
DA:9,0
DA:18,0
DA:19,0
DA:20,0
DA:25,0
DA:26,0
DA:27,0
DA:32,0
DA:33,0
DA:34,0
DA:39,0
DA:40,0
DA:41,0
DA:46,0
DA:47,0
DA:48,0
LF:18
LH:0
end_of_record
SF:lib\features\dashboard1\Bottom_Screen\profile_view.dart
DA:10,0
DA:12,0
DA:13,0
DA:19,0
DA:21,0
DA:22,0
DA:30,0
DA:31,0
DA:32,0
DA:33,0
DA:35,0
DA:36,0
DA:37,0
DA:38,0
DA:39,0
DA:41,0
DA:43,0
DA:45,0
DA:48,0
DA:54,0
DA:56,0
DA:57,0
DA:58,0
DA:60,0
DA:61,0
DA:66,0
DA:67,0
DA:84,0
DA:85,0
DA:89,0
DA:91,0
DA:92,0
DA:97,0
DA:98,0
DA:100,0
DA:101,0
DA:103,0
DA:107,0
DA:112,0
DA:113,0
DA:115,0
DA:116,0
DA:126,0
DA:132,0
DA:133,0
DA:136,0
DA:138,0
DA:139,0
DA:140,0
DA:141,0
DA:148,0
DA:149,0
DA:150,0
DA:152,0
DA:153,0
DA:163,0
DA:165,0
DA:166,0
DA:167,0
DA:171,0
DA:174,0
DA:175,0
LF:62
LH:0
end_of_record
SF:lib\features\dashboard1\admin_screens\add_product.dart
DA:10,9
DA:12,0
DA:13,0
DA:27,0
DA:28,0
DA:30,0
DA:31,0
DA:36,0
DA:38,0
DA:39,0
DA:40,0
DA:41,0
DA:42,0
DA:43,0
DA:46,0
DA:48,0
DA:49,0
DA:50,0
DA:54,0
DA:55,0
DA:56,0
DA:58,0
DA:59,0
DA:60,0
DA:61,0
DA:62,0
DA:63,0
DA:67,0
DA:68,0
DA:69,0
DA:70,0
DA:71,0
DA:72,0
DA:73,0
DA:75,0
DA:76,0
DA:77,0
DA:78,0
DA:84,0
DA:85,0
DA:86,0
DA:90,0
DA:92,0
DA:93,0
DA:94,0
DA:96,0
DA:106,0
DA:107,0
DA:111,0
DA:112,0
DA:116,0
DA:117,0
DA:122,0
DA:123,0
DA:128,0
DA:129,0
DA:136,0
DA:139,0
DA:141,0
DA:142,0
DA:145,0
DA:146,0
DA:154,0
DA:155,0
DA:156,0
DA:157,0
DA:158,0
DA:159,0
DA:161,0
DA:163,0
DA:165,0
DA:166,0
DA:167,0
DA:168,0
DA:188,0
DA:195,0
DA:197,0
DA:201,0
DA:203,0
DA:204,0
DA:205,0
DA:208,0
DA:209,0
DA:213,0
DA:214,0
DA:220,0
DA:221,0
DA:222,0
DA:223,0
DA:224,0
DA:225,0
DA:226,0
DA:227,0
DA:233,0
DA:234,0
DA:236,0
DA:237,0
DA:240,0
DA:243,0
DA:246,0
DA:249,0
DA:252,0
LF:102
LH:1
end_of_record
SF:lib\features\dashboard1\admin_screens\admin_booking_page.dart
DA:10,9
DA:12,0
DA:13,0
DA:15,0
DA:16,0
DA:17,0
DA:22,0
DA:23,0
DA:24,0
DA:27,0
DA:28,0
DA:29,0
DA:30,0
DA:39,0
DA:41,0
DA:42,0
DA:43,0
DA:44,0
DA:45,0
DA:49,0
DA:50,0
DA:51,0
DA:53,0
DA:54,0
DA:59,0
DA:61,0
DA:62,0
DA:63,0
DA:64,0
DA:65,0
DA:66,0
DA:69,0
DA:71,0
DA:73,0
DA:74,0
DA:75,0
DA:79,0
DA:81,0
DA:83,0
DA:84,0
DA:85,0
DA:86,0
DA:87,0
DA:89,0
DA:92,0
DA:98,0
DA:99,0
DA:101,0
DA:102,0
DA:103,0
DA:104,0
DA:105,0
DA:111,0
DA:112,0
DA:116,0
DA:119,0
DA:120,0
DA:124,0
DA:127,0
DA:128,0
DA:132,0
DA:135,0
DA:136,0
DA:140,0
DA:141,0
DA:145,0
DA:148,0
DA:149,0
DA:150,0
DA:152,0
DA:153,0
DA:162,0
DA:163,0
DA:164,0
DA:165,0
DA:168,0
DA:170,0
DA:171,0
DA:174,0
DA:177,0
DA:178,0
DA:188,0
DA:189,0
DA:190,0
DA:201,0
DA:202,0
DA:203,0
DA:205,0
DA:207,0
LF:89
LH:1
end_of_record
SF:lib\features\dashboard1\admin_screens\view_contact.dart
DA:10,9
DA:12,0
DA:13,0
DA:15,0
DA:16,0
DA:17,0
DA:18,0
DA:22,0
DA:23,0
DA:25,0
DA:27,0
DA:29,0
DA:30,0
DA:31,0
DA:40,0
DA:41,0
DA:43,0
DA:44,0
DA:46,0
DA:47,0
DA:49,0
DA:51,0
DA:54,0
DA:55,0
DA:59,0
DA:61,0
DA:63,0
DA:65,0
DA:67,0
DA:69,0
DA:72,0
DA:73,0
DA:74,0
DA:76,0
DA:87,0
DA:89,0
DA:90,0
DA:91,0
DA:92,0
DA:93,0
DA:97,0
DA:98,0
DA:99,0
DA:101,0
DA:102,0
DA:107,0
DA:109,0
DA:110,0
DA:111,0
DA:112,0
DA:113,0
DA:114,0
DA:118,0
DA:124,0
DA:125,0
DA:128,0
DA:129,0
DA:131,0
DA:132,0
DA:134,0
DA:136,0
DA:138,0
DA:146,0
DA:147,0
DA:148,0
LF:65
LH:1
end_of_record
SF:lib\features\dashboard1\admin_screens\view_user.dart
DA:4,9
DA:6,0
DA:8,0
DA:9,0
LF:4
LH:1
end_of_record
SF:lib\features\dashboard1\admin_screens\view_hotel.dart
DA:11,9
DA:13,0
DA:14,0
DA:16,0
DA:17,0
DA:18,0
DA:19,0
DA:24,0
DA:25,0
DA:27,0
DA:29,0
DA:31,0
DA:32,0
DA:33,0
DA:42,0
DA:44,0
DA:45,0
DA:46,0
DA:50,0
DA:51,0
DA:52,0
DA:54,0
DA:55,0
DA:56,0
DA:62,0
DA:64,0
DA:65,0
DA:66,0
DA:70,0
DA:71,0
DA:73,0
DA:74,0
DA:77,0
DA:78,0
DA:79,0
DA:81,0
DA:84,0
DA:87,0
DA:88,0
DA:89,0
DA:93,0
DA:95,0
DA:97,0
DA:100,0
DA:101,0
DA:106,0
DA:107,0
DA:109,0
DA:117,0
DA:119,0
DA:126,0
DA:128,0
DA:130,0
DA:131,0
DA:132,0
DA:137,0
DA:138,0
DA:142,0
DA:147,0
DA:148,0
DA:153,0
DA:154,0
DA:162,0
DA:163,0
DA:171,0
DA:173,0
DA:174,0
DA:179,0
DA:180,0
DA:182,0
DA:183,0
DA:184,0
DA:189,0
DA:194,0
DA:195,0
DA:207,0
DA:208,0
DA:209,0
LF:78
LH:1
end_of_record
SF:lib\features\dashboard1\admin_screens\update_hotel.dart
DA:10,0
DA:12,0
DA:13,0
DA:25,0
DA:27,0
DA:28,0
DA:29,0
DA:30,0
DA:31,0
DA:32,0
DA:33,0
DA:34,0
DA:35,0
DA:36,0
DA:37,0
DA:40,0
DA:42,0
DA:43,0
DA:44,0
DA:45,0
DA:46,0
DA:47,0
DA:48,0
DA:51,0
DA:53,0
DA:54,0
DA:57,0
DA:59,0
DA:60,0
DA:61,0
DA:62,0
DA:63,0
DA:65,0
DA:66,0
DA:67,0
DA:68,0
DA:72,0
DA:73,0
DA:74,0
DA:75,0
DA:76,0
DA:77,0
DA:79,0
DA:81,0
DA:82,0
DA:84,0
DA:85,0
DA:87,0
DA:88,0
DA:91,0
DA:92,0
DA:94,0
DA:95,0
DA:98,0
DA:100,0
DA:101,0
DA:103,0
DA:104,0
DA:106,0
DA:107,0
DA:111,0
DA:112,0
DA:115,0
DA:117,0
DA:118,0
DA:119,0
DA:120,0
DA:121,0
DA:122,0
DA:123,0
DA:124,0
DA:125,0
DA:126,0
DA:127,0
DA:128,0
DA:129,0
DA:130,0
LF:77
LH:0
end_of_record
SF:lib\features\dashboard1\admin_screens\view_model\contact_event.dart
DA:4,0
DA:6,0
DA:7,0
DA:14,0
DA:16,0
DA:17,0
LF:6
LH:0
end_of_record
SF:lib\features\dashboard1\admin_screens\view_model\contact_state.dart
DA:7,0
DA:9,0
DA:10,0
DA:19,0
DA:21,0
DA:22,0
DA:27,0
DA:29,0
DA:30,0
DA:35,0
DA:37,0
DA:38,0
LF:12
LH:0
end_of_record
SF:lib\sensor\near_detector.dart
DA:10,0
DA:14,0
DA:16,0
DA:17,0
DA:24,0
DA:26,0
DA:27,0
DA:29,0
DA:30,0
DA:31,0
DA:32,0
DA:33,0
DA:38,0
DA:40,0
DA:41,0
DA:44,0
DA:46,0
LF:17
LH:0
end_of_record
SF:lib\features\home\presentation\view_model\home_state.dart
DA:10,9
DA:16,0
DA:39,0
DA:43,0
DA:44,0
DA:45,0
DA:49,0
DA:50,0
LF:8
LH:1
end_of_record
SF:lib\features\onboarding\presentation\view\onboarding_screen_view.dart
DA:7,0
DA:9,0
DA:10,0
DA:35,0
DA:37,0
DA:38,0
DA:41,0
DA:43,0
DA:47,0
DA:49,0
DA:50,0
DA:51,0
DA:53,0
DA:55,0
DA:56,0
DA:57,0
DA:58,0
DA:59,0
DA:60,0
DA:63,0
DA:64,0
DA:66,0
DA:67,0
DA:68,0
DA:69,0
DA:71,0
DA:72,0
DA:73,0
DA:79,0
DA:80,0
DA:90,0
DA:92,0
DA:94,0
DA:96,0
DA:98,0
DA:99,0
DA:109,0
DA:110,0
DA:111,0
DA:121,0
DA:123,0
DA:124,0
DA:126,0
DA:127,0
DA:129,0
DA:133,0
DA:134,0
LF:47
LH:0
end_of_record
